# JRE version: OpenJDK Runtime Environment Temurin-17.0.4+8 (17.0.4+8) (build 17.0.4+8)
# Java VM: OpenJDK 64-Bit Server VM Temurin-17.0.4+8 (17.0.4+8, mixed mode, tiered, compressed oops, compressed class ptrs, g1 gc, bsd-amd64)
GC Precious Log:
 CPUs: 4 total, 4 available
 Memory: 8192M
 Large Page Support: Disabled
 NUMA Support: Disabled
 Compressed Oops: Enabled (Zero based)
 Heap Region Size: 1M
 Heap Min Capacity: 8M
 Heap Initial Capacity: 128M
 Heap Max Capacity: 2G
 Pre-touch: Disabled
 Parallel Workers: 4
 Concurrent Workers: 1
 Concurrent Refinement Workers: 4
 Periodic GC: Disabled
Heap:
 garbage-first heap   total 131072K, used 56491K [0x0000000780000000, 0x0000000800000000)
  region size 1024K, 42 young (43008K), 3 survivors (3072K)
 Metaspace       used 19668K, committed 19968K, reserved 1073152K
  class space    used 2099K, committed 2240K, reserved 1048576K
GC Heap History (20 events):
Event: 2.124 GC heap before
{Heap before GC invocations=0 (full 0):
 garbage-first heap   total 131072K, used 14336K [0x0000000780000000, 0x0000000800000000)
  region size 1024K, 13 young (13312K), 0 survivors (0K)
 Metaspace       used 14490K, committed 14720K, reserved 1064960K
  class space    used 1448K, committed 1536K, reserved 1048576K
}
Event: 2.144 GC heap after
{Heap after GC invocations=1 (full 0):
 garbage-first heap   total 131072K, used 5485K [0x0000000780000000, 0x0000000800000000)
  region size 1024K, 2 young (2048K), 2 survivors (2048K)
 Metaspace       used 14490K, committed 14720K, reserved 1064960K
  class space    used 1448K, committed 1536K, reserved 1048576K
}
Event: 3.974 GC heap before
{Heap before GC invocations=1 (full 0):
 garbage-first heap   total 131072K, used 26989K [0x0000000780000000, 0x0000000800000000)
  region size 1024K, 14 young (14336K), 2 survivors (2048K)
 Metaspace       used 17737K, committed 17920K, reserved 1064960K
  class space    used 1847K, committed 1920K, reserved 1048576K
}
Event: 3.983 GC heap after
{Heap after GC invocations=2 (full 0):
 garbage-first heap   total 131072K, used 16414K [0x0000000780000000, 0x0000000800000000)
  region size 1024K, 2 young (2048K), 2 survivors (2048K)
 Metaspace       used 17737K, committed 17920K, reserved 1064960K
  class space    used 1847K, committed 1920K, reserved 1048576K
}
Event: 6.213 GC heap before
{Heap before GC invocations=2 (full 0):
 garbage-first heap   total 131072K, used 47134K [0x0000000780000000, 0x0000000800000000)
  region size 1024K, 29 young (29696K), 2 survivors (2048K)
 Metaspace       used 19328K, committed 19584K, reserved 1073152K
  class space    used 2095K, committed 2240K, reserved 1048576K
}
Event: 6.217 GC heap after
{Heap after GC invocations=3 (full 0):
 garbage-first heap   total 131072K, used 17639K [0x0000000780000000, 0x0000000800000000)
  region size 1024K, 3 young (3072K), 3 survivors (3072K)
 Metaspace       used 19328K, committed 19584K, reserved 1073152K
  class space    used 2095K, committed 2240K, reserved 1048576K
}
Event: 12.169 GC heap before
{Heap before GC invocations=3 (full 0):
 garbage-first heap   total 131072K, used 85223K [0x0000000780000000, 0x0000000800000000)
  region size 1024K, 69 young (70656K), 3 survivors (3072K)
 Metaspace       used 19422K, committed 19648K, reserved 1073152K
  class space    used 2095K, committed 2240K, reserved 1048576K
}
Event: 12.174 GC heap after
{Heap after GC invocations=4 (full 0):
 garbage-first heap   total 131072K, used 17714K [0x0000000780000000, 0x0000000800000000)
  region size 1024K, 3 young (3072K), 3 survivors (3072K)
 Metaspace       used 19422K, committed 19648K, reserved 1073152K
  class space    used 2095K, committed 2240K, reserved 1048576K
}
Event: 17.812 GC heap before
{Heap before GC invocations=4 (full 0):
 garbage-first heap   total 131072K, used 92466K [0x0000000780000000, 0x0000000800000000)
  region size 1024K, 76 young (77824K), 3 survivors (3072K)
 Metaspace       used 19553K, committed 19776K, reserved 1073152K
  class space    used 2095K, committed 2240K, reserved 1048576K
}
Event: 17.816 GC heap after
{Heap after GC invocations=5 (full 0):
 garbage-first heap   total 131072K, used 17736K [0x0000000780000000, 0x0000000800000000)
  region size 1024K, 3 young (3072K), 3 survivors (3072K)
 Metaspace       used 19553K, committed 19776K, reserved 1073152K
  class space    used 2095K, committed 2240K, reserved 1048576K
}
Event: 23.489 GC heap before
{Heap before GC invocations=5 (full 0):
 garbage-first heap   total 131072K, used 92488K [0x0000000780000000, 0x0000000800000000)
  region size 1024K, 76 young (77824K), 3 survivors (3072K)
 Metaspace       used 19553K, committed 19776K, reserved 1073152K
  class space    used 2095K, committed 2240K, reserved 1048576K
}
Event: 23.493 GC heap after
{Heap after GC invocations=6 (full 0):
 garbage-first heap   total 131072K, used 17518K [0x0000000780000000, 0x0000000800000000)
  region size 1024K, 3 young (3072K), 3 survivors (3072K)
 Metaspace       used 19553K, committed 19776K, reserved 1073152K
  class space    used 2095K, committed 2240K, reserved 1048576K
}
Event: 28.248 GC heap before
{Heap before GC invocations=6 (full 0):
 garbage-first heap   total 131072K, used 92270K [0x0000000780000000, 0x0000000800000000)
  region size 1024K, 76 young (77824K), 3 survivors (3072K)
 Metaspace       used 19554K, committed 19776K, reserved 1073152K
  class space    used 2095K, committed 2240K, reserved 1048576K
}
Event: 28.252 GC heap after
{Heap after GC invocations=7 (full 0):
 garbage-first heap   total 131072K, used 17640K [0x0000000780000000, 0x0000000800000000)
  region size 1024K, 3 young (3072K), 3 survivors (3072K)
 Metaspace       used 19554K, committed 19776K, reserved 1073152K
  class space    used 2095K, committed 2240K, reserved 1048576K
}
Event: 32.057 GC heap before
{Heap before GC invocations=7 (full 0):
 garbage-first heap   total 131072K, used 92392K [0x0000000780000000, 0x0000000800000000)
  region size 1024K, 76 young (77824K), 3 survivors (3072K)
 Metaspace       used 19567K, committed 19776K, reserved 1073152K
  class space    used 2095K, committed 2240K, reserved 1048576K
}
Event: 32.061 GC heap after
{Heap after GC invocations=8 (full 0):
 garbage-first heap   total 131072K, used 17760K [0x0000000780000000, 0x0000000800000000)
  region size 1024K, 3 young (3072K), 3 survivors (3072K)
 Metaspace       used 19567K, committed 19776K, reserved 1073152K
  class space    used 2095K, committed 2240K, reserved 1048576K
}
Event: 35.875 GC heap before
{Heap before GC invocations=8 (full 0):
 garbage-first heap   total 131072K, used 92512K [0x0000000780000000, 0x0000000800000000)
  region size 1024K, 76 young (77824K), 3 survivors (3072K)
 Metaspace       used 19598K, committed 19840K, reserved 1073152K
  class space    used 2095K, committed 2240K, reserved 1048576K
}
Event: 35.904 GC heap after
{Heap after GC invocations=9 (full 0):
 garbage-first heap   total 131072K, used 17655K [0x0000000780000000, 0x0000000800000000)
  region size 1024K, 3 young (3072K), 3 survivors (3072K)
 Metaspace       used 19598K, committed 19840K, reserved 1073152K
  class space    used 2095K, committed 2240K, reserved 1048576K
}
Event: 39.651 GC heap before
{Heap before GC invocations=9 (full 0):
 garbage-first heap   total 131072K, used 92407K [0x0000000780000000, 0x0000000800000000)
  region size 1024K, 76 young (77824K), 3 survivors (3072K)
 Metaspace       used 19662K, committed 19968K, reserved 1073152K
  class space    used 2099K, committed 2240K, reserved 1048576K
}
Event: 39.671 GC heap after
{Heap after GC invocations=10 (full 0):
 garbage-first heap   total 131072K, used 17579K [0x0000000780000000, 0x0000000800000000)
  region size 1024K, 3 young (3072K), 3 survivors (3072K)
 Metaspace       used 19662K, committed 19968K, reserved 1073152K
  class space    used 2099K, committed 2240K, reserved 1048576K
}

